<?xml version="1.0" encoding="UTF-8"?>
<testng-results skipped="0" failed="0" ignored="0" total="1" passed="1">
  <reporter-output>
  </reporter-output>
  <suite name="TestSuite" duration-ms="28953" started-at="2019-01-01T10:13:59Z" finished-at="2019-01-01T10:14:28Z">
    <groups>
    </groups>
    <test name="BPCOps Test" duration-ms="28953" started-at="2019-01-01T10:13:59Z" finished-at="2019-01-01T10:14:28Z">
      <class name="DriverScript.Allocator">
        <test-method status="PASS" signature="testDriver()[pri:0, instance:DriverScript.Allocator@1888ff2c]" name="testDriver" duration-ms="28933" started-at="2019-01-01T15:43:59Z" finished-at="2019-01-01T15:44:28Z">
          <reporter-output>
          </reporter-output>
        </test-method> <!-- testDriver -->
      </class> <!-- DriverScript.Allocator -->
    </test> <!-- BPCOps Test -->
  </suite> <!-- TestSuite -->
</testng-results>
